<<<<<<<<<< Hello >>>>>>>>>>
Timestamp: [20240109_143203]

<<<<<<<<<< Options >>>>>>>>>>
dataset:[
  train:[
    type: MFQEv2Dubble
    root: /home/shuchen/datasets/lmdb
    gt_path: /home/shuchen/datasets/lmdb/GT_r5_train.lmdb
    lq_path: /home/shuchen/datasets/lmdb/LQ_r5_qp22_train.lmdb
    meta_info_fp: meta_info.txt
    gt_size: 128
    use_flip: True
    use_rot: True
    random_reverse: True
    enlarge_ratio: 500
    num_gpu: 2
    num_worker_per_gpu: 8
    batch_size_per_gpu: 16
    ]
  ]
network:[
  radius: 5
  ]
train:[
  exp_name: sta_ckp_temp
  random_seed: 0
  pre-val: False
  num_iter: 500000.0
  interval_print: 50.0
  interval_val: 5000.0
  pbar_len: 100
  optim:[
    type: Adam
    lr: 0.0001
    betas: [0.9, 0.999]
    eps: 1e-08
    ]
  scheduler:[
    is_on: False
    type: CosineAnnealingRestartLR
    periods: [50000.0, 50000.0, 50000.0, 50000.0, 50000.0, 50000.0]
    restart_weights: [1, 0.5, 0.5, 0.5, 0.5, 0.5]
    eta_min: 1e-07
    ]
  loss:[
    type: CombinedLoss
    eps: 1e-06
    ]
  criterion:[
    type: PSNR
    unit: dB
    ]
  rank: 0
  log_path: exp/sta_ckp_temp/log.log
  checkpoint_save_path_pre: exp/sta_ckp_temp/ckp_
  is_dist: False
  ]
test:[
  restore_iter: 290000
  pbar_len: 100
  criterion:[
    type: PSNR
    unit: dB
    ]
  ]
opt_path: train_sta_cfg.yml


<<<<<<<<<< Dataloader >>>>>>>>>>
total iters: [500000]
total epochs: [1]
iter per epoch: [675000]
start from iter: [0]
start from epoch: [0]

<<<<<<<<<< Training >>>>>>>>>>
> model saved at exp/sta_ckp_temp/ckp_1_val.pth

iter: [50]/500000, epoch: [0]/0, lr: [1.000]x1e-4, loss: [0.034568], loss2: [0.034119], delta: [0.000449]
iter: [100]/500000, epoch: [0]/0, lr: [1.000]x1e-4, loss: [0.026265], loss2: [0.026267], delta: [-0.000002]
iter: [150]/500000, epoch: [0]/0, lr: [1.000]x1e-4, loss: [0.033927], loss2: [0.035048], delta: [-0.001122]
iter: [200]/500000, epoch: [0]/0, lr: [1.000]x1e-4, loss: [0.025564], loss2: [0.026614], delta: [-0.001050]
iter: [250]/500000, epoch: [0]/0, lr: [1.000]x1e-4, loss: [0.050800], loss2: [0.052183], delta: [-0.001383]
